1709472941: mosquitto version 2.0.18 starting
1709472941: Config loaded from /mosquitto/config/mosquitto.conf.
1709472941: Opening ipv4 listen socket on port 1883.
1709472941: mosquitto version 2.0.18 running
1709472994: mosquitto version 2.0.18 terminating
1709472994: Saving in-memory database to /mosquitto/data//mosquitto.db.
1709474733: mosquitto version 2.0.18 starting
1709474733: Config loaded from /mosquitto/config/mosquitto.conf.
1709474733: Opening ipv4 listen socket on port 1883.
1709474733: mosquitto version 2.0.18 running
1709474932: mosquitto version 2.0.18 terminating
1709474932: Saving in-memory database to /mosquitto/data//mosquitto.db.
1709476828: mosquitto version 2.0.18 starting
1709476828: Config loaded from /mosquitto/config/mosquitto.conf.
1709476828: Opening ipv4 listen socket on port 1883.
1709476828: mosquitto version 2.0.18 running
1709477461: mosquitto version 2.0.18 terminating
1709477461: Saving in-memory database to /mosquitto/data//mosquitto.db.
1709477462: mosquitto version 2.0.18 starting
1709477462: Config loaded from /mosquitto/config/mosquitto.conf.
1709477462: Opening ipv4 listen socket on port 1883.
1709477462: mosquitto version 2.0.18 running
1709477969: mosquitto version 2.0.18 terminating
1709477969: Saving in-memory database to /mosquitto/data//mosquitto.db.
